<?xml version="1.0" encoding="UTF-8"?>
<!-- Generated by org.testng.reporters.JUnitReportReporter -->
<testsuite hostname="MAVBCP3293" failures="0" tests="2" name="mavenseleniumproject.CrossBrowserScript" time="29.684" errors="0" timestamp="2021-09-23T11:18:14 IST" skipped="0">
  <testcase classname="mavenseleniumproject.CrossBrowserScript" name="testParameterWithXML" time="14.052"/>
  <system-out/>
  <testcase classname="mavenseleniumproject.CrossBrowserScript" name="testParameterWithXML" time="15.632"/>
  <system-out/>
</testsuite> <!-- mavenseleniumproject.CrossBrowserScript -->
