<?xml version="1.0" encoding="UTF-8"?>
<!-- Generated by org.testng.reporters.JUnitReportReporter -->
<testsuite hostname="MAVBCP3293" failures="0" tests="2" name="mavenseleniumproject.RecorderScript" time="34.351" errors="0" timestamp="2021-09-28T10:54:25 IST" skipped="0">
  <testcase classname="mavenseleniumproject.RecorderScript" name="testParameterWithXML" time="16.693"/>
  <system-out/>
  <testcase classname="mavenseleniumproject.RecorderScript" name="testParameterWithXML" time="17.658"/>
  <system-out/>
</testsuite> <!-- mavenseleniumproject.RecorderScript -->
