<?xml version="1.0" encoding="UTF-8"?>
<!-- Generated by org.testng.reporters.JUnitReportReporter -->
<testsuite hostname="MAVBCP3293" failures="0" tests="1" name="mavenseleniumproject.Class1" time="16.757" errors="0" timestamp="2021-09-22T15:04:40 IST" skipped="0">
  <testcase classname="mavenseleniumproject.Class1" name="MavSel" time="16.757"/>
  <system-out/>
</testsuite> <!-- mavenseleniumproject.Class1 -->
